2016-08-30T07:37:30.460+0000 I CONTROL  [main] ***** SERVER RESTARTED *****
2016-08-30T07:37:30.470+0000 I CONTROL  [initandlisten] MongoDB starting : pid=31003 port=27017 dbpath=/home/fenrihen/Uygulamalar/MongoDB-3.2/data 64-bit host=Sunucu
2016-08-30T07:37:30.471+0000 I CONTROL  [initandlisten] db version v3.2.9
2016-08-30T07:37:30.471+0000 I CONTROL  [initandlisten] git version: 22ec9e93b40c85fc7cae7d56e7d6a02fd811088c
2016-08-30T07:37:30.471+0000 I CONTROL  [initandlisten] OpenSSL version: OpenSSL 1.0.2g-fips  1 Mar 2016
2016-08-30T07:37:30.471+0000 I CONTROL  [initandlisten] allocator: tcmalloc
2016-08-30T07:37:30.471+0000 I CONTROL  [initandlisten] modules: none
2016-08-30T07:37:30.471+0000 I CONTROL  [initandlisten] build environment:
2016-08-30T07:37:30.471+0000 I CONTROL  [initandlisten]     distmod: ubuntu1604
2016-08-30T07:37:30.471+0000 I CONTROL  [initandlisten]     distarch: x86_64
2016-08-30T07:37:30.471+0000 I CONTROL  [initandlisten]     target_arch: x86_64
2016-08-30T07:37:30.471+0000 I CONTROL  [initandlisten] options: { config: "mongod.conf", net: { port: 27017 }, processManagement: { pidFilePath: "/home/fenrihen/Uygulamalar/MongoDB-3.2/mongod.pid" }, storage: { dbPath: "/home/fenrihen/Uygulamalar/MongoDB-3.2/data", engine: "wiredTiger", journal: { enabled: true } }, systemLog: { destination: "file", logAppend: true, path: "/home/fenrihen/Uygulamalar/MongoDB-3.2/mongod.log" } }
2016-08-30T07:37:30.509+0000 I STORAGE  [initandlisten] wiredtiger_open config: create,cache_size=1G,session_max=20000,eviction=(threads_max=4),config_base=false,statistics=(fast),log=(enabled=true,archive=true,path=journal,compressor=snappy),file_manager=(close_idle_time=100000),checkpoint=(wait=60,log_size=2GB),statistics_log=(wait=0),
2016-08-30T07:37:31.482+0000 I FTDC     [initandlisten] Initializing full-time diagnostic data capture with directory '/home/fenrihen/Uygulamalar/MongoDB-3.2/data/diagnostic.data'
2016-08-30T07:37:31.483+0000 I NETWORK  [HostnameCanonicalizationWorker] Starting hostname canonicalization worker
2016-08-30T07:37:31.484+0000 I NETWORK  [initandlisten] waiting for connections on port 27017
2016-08-30T07:37:52.940+0000 I CONTROL  [signalProcessingThread] got signal 2 (Interrupt), will terminate after current cmd ends
2016-08-30T07:37:52.940+0000 I FTDC     [signalProcessingThread] Shutting down full-time diagnostic data capture
2016-08-30T07:37:52.943+0000 I CONTROL  [signalProcessingThread] now exiting
2016-08-30T07:37:52.943+0000 I NETWORK  [signalProcessingThread] shutdown: going to close listening sockets...
2016-08-30T07:37:52.943+0000 I NETWORK  [signalProcessingThread] closing listening socket: 6
2016-08-30T07:37:52.943+0000 I NETWORK  [signalProcessingThread] closing listening socket: 7
2016-08-30T07:37:52.943+0000 I NETWORK  [signalProcessingThread] removing socket file: /tmp/mongodb-27017.sock
2016-08-30T07:37:52.943+0000 I NETWORK  [signalProcessingThread] shutdown: going to flush diaglog...
2016-08-30T07:37:52.943+0000 I NETWORK  [signalProcessingThread] shutdown: going to close sockets...
2016-08-30T07:37:52.943+0000 I STORAGE  [signalProcessingThread] WiredTigerKVEngine shutting down
2016-08-30T07:37:53.030+0000 I STORAGE  [signalProcessingThread] shutdown: removing fs lock...
2016-08-30T07:37:53.030+0000 I CONTROL  [signalProcessingThread] dbexit:  rc: 0
2016-08-30T07:38:23.830+0000 I CONTROL  [main] ***** SERVER RESTARTED *****
2016-08-30T07:38:23.849+0000 I CONTROL  [initandlisten] MongoDB starting : pid=31024 port=27017 dbpath=/home/fenrihen/Uygulamalar/MongoDB-3.2/data 64-bit host=Sunucu
2016-08-30T07:38:23.849+0000 I CONTROL  [initandlisten] db version v3.2.9
2016-08-30T07:38:23.849+0000 I CONTROL  [initandlisten] git version: 22ec9e93b40c85fc7cae7d56e7d6a02fd811088c
2016-08-30T07:38:23.849+0000 I CONTROL  [initandlisten] OpenSSL version: OpenSSL 1.0.2g-fips  1 Mar 2016
2016-08-30T07:38:23.850+0000 I CONTROL  [initandlisten] allocator: tcmalloc
2016-08-30T07:38:23.850+0000 I CONTROL  [initandlisten] modules: none
2016-08-30T07:38:23.850+0000 I CONTROL  [initandlisten] build environment:
2016-08-30T07:38:23.850+0000 I CONTROL  [initandlisten]     distmod: ubuntu1604
2016-08-30T07:38:23.850+0000 I CONTROL  [initandlisten]     distarch: x86_64
2016-08-30T07:38:23.850+0000 I CONTROL  [initandlisten]     target_arch: x86_64
2016-08-30T07:38:23.850+0000 I CONTROL  [initandlisten] options: { config: "mongod.conf", net: { port: 27017 }, processManagement: { fork: true, pidFilePath: "/home/fenrihen/Uygulamalar/MongoDB-3.2/mongod.pid" }, storage: { dbPath: "/home/fenrihen/Uygulamalar/MongoDB-3.2/data", engine: "wiredTiger", journal: { enabled: true } }, systemLog: { destination: "file", logAppend: true, path: "/home/fenrihen/Uygulamalar/MongoDB-3.2/mongod.log" } }
2016-08-30T07:38:23.901+0000 I STORAGE  [initandlisten] wiredtiger_open config: create,cache_size=1G,session_max=20000,eviction=(threads_max=4),config_base=false,statistics=(fast),log=(enabled=true,archive=true,path=journal,compressor=snappy),file_manager=(close_idle_time=100000),checkpoint=(wait=60,log_size=2GB),statistics_log=(wait=0),
2016-08-30T07:38:24.349+0000 I FTDC     [initandlisten] Initializing full-time diagnostic data capture with directory '/home/fenrihen/Uygulamalar/MongoDB-3.2/data/diagnostic.data'
2016-08-30T07:38:24.350+0000 I NETWORK  [HostnameCanonicalizationWorker] Starting hostname canonicalization worker
2016-08-30T07:38:24.354+0000 I NETWORK  [initandlisten] waiting for connections on port 27017
2016-08-30T07:38:28.438+0000 I NETWORK  [initandlisten] connection accepted from 127.0.0.1:55494 #1 (1 connection now open)
2016-08-30T07:38:32.049+0000 I NETWORK  [conn1] end connection 127.0.0.1:55494 (0 connections now open)
2016-08-30T07:40:04.982+0000 I CONTROL  [signalProcessingThread] got signal 15 (Terminated), will terminate after current cmd ends
2016-08-30T07:40:04.982+0000 I FTDC     [signalProcessingThread] Shutting down full-time diagnostic data capture
2016-08-30T07:40:04.986+0000 I CONTROL  [signalProcessingThread] now exiting
2016-08-30T07:40:04.987+0000 I NETWORK  [signalProcessingThread] shutdown: going to close listening sockets...
2016-08-30T07:40:04.987+0000 I NETWORK  [signalProcessingThread] closing listening socket: 6
2016-08-30T07:40:04.987+0000 I NETWORK  [signalProcessingThread] closing listening socket: 7
2016-08-30T07:40:04.987+0000 I NETWORK  [signalProcessingThread] removing socket file: /tmp/mongodb-27017.sock
2016-08-30T07:40:04.988+0000 I NETWORK  [signalProcessingThread] shutdown: going to flush diaglog...
2016-08-30T07:40:04.988+0000 I NETWORK  [signalProcessingThread] shutdown: going to close sockets...
2016-08-30T07:40:04.988+0000 I STORAGE  [signalProcessingThread] WiredTigerKVEngine shutting down
2016-08-30T07:40:05.110+0000 I STORAGE  [signalProcessingThread] shutdown: removing fs lock...
2016-08-30T07:40:05.110+0000 I CONTROL  [signalProcessingThread] dbexit:  rc: 0
